==================================================================================================================================================================
Running TMG...
Converting Results on ../Data/textDocs.txt file in 08-Jul-2014 11:26:11...
==================================================================================================================================================================

-File textDocs.txt did not need conversion...

==================================================================================================================================================================
Filtering of input files ended at 08-Jul-2014 11:26:11...

Estimated time of parsing documents: 0.018707 seconds
==================================================================================================================================================================
==================================================================================================================================================================
Running TMG...
Converting Results on ../Data/textDocs.txt file in 08-Jul-2014 11:28:42...
==================================================================================================================================================================

-File textDocs.txt did not need conversion...

==================================================================================================================================================================
Filtering of input files ended at 08-Jul-2014 11:28:42...

Estimated time of parsing documents: 0.032785 seconds
==================================================================================================================================================================
==================================================================================================================================================================
Running TMG...
Converting Results on C:\Users\hh.lpf\Dropbox\02450MNS&MM\CourseMaterialFinal\Exercises\02450Toolbox_Matlab\Scripts\..\Data\textDocs.txt file in 08-Jul-2014 11:57:52...
==================================================================================================================================================================

-File textDocs.txt did not need conversion...

==================================================================================================================================================================
Filtering of input files ended at 08-Jul-2014 11:57:52...

Estimated time of parsing documents: 0.143939 seconds
==================================================================================================================================================================
==================================================================================================================================================================
Running TMG...
Converting Results on C:\Users\hh.lpf\Dropbox\02450Toolbox_Matlab\Scripts\..\Data\textDocs.txt file in 08-Jul-2014 14:54:05...
==================================================================================================================================================================

-File textDocs.txt did not need conversion...

==================================================================================================================================================================
Filtering of input files ended at 08-Jul-2014 14:54:05...

Estimated time of parsing documents: 0.057501 seconds
==================================================================================================================================================================
==================================================================================================================================================================
Running TMG...
Converting Results on C:\Users\hh.lpf\Dropbox\02450Toolbox_Matlab\Scripts\..\Data\textDocs.txt file in 08-Jul-2014 14:54:21...
==================================================================================================================================================================

-File textDocs.txt did not need conversion...

==================================================================================================================================================================
Filtering of input files ended at 08-Jul-2014 14:54:21...

Estimated time of parsing documents: 0.021207 seconds
==================================================================================================================================================================
==================================================================================================================================================================
Running TMG...
Converting Results on C:\Users\hh.lpf\Dropbox\02450Toolbox_Matlab\Scripts\..\Data\textDocs.txt file in 08-Jul-2014 14:54:33...
==================================================================================================================================================================

-File textDocs.txt did not need conversion...

==================================================================================================================================================================
Filtering of input files ended at 08-Jul-2014 14:54:33...

Estimated time of parsing documents: 0.032240 seconds
==================================================================================================================================================================
==================================================================================================================================================================
Running TMG...
Converting Results on C:\Users\hh.lpf\Dropbox\02450Toolbox_Matlab\Scripts\..\Data\textDocs.txt file in 08-Jul-2014 14:54:59...
==================================================================================================================================================================

-File textDocs.txt did not need conversion...

==================================================================================================================================================================
Filtering of input files ended at 08-Jul-2014 14:54:59...

Estimated time of parsing documents: 0.038092 seconds
==================================================================================================================================================================
==================================================================================================================================================================
Running TMG...
Converting Results on C:\Users\hh.lpf\Dropbox\02450Toolbox_Matlab\Scripts\..\Data\textDocs.txt file in 08-Jul-2014 14:55:15...
==================================================================================================================================================================

-File textDocs.txt did not need conversion...

==================================================================================================================================================================
Filtering of input files ended at 08-Jul-2014 14:55:15...

Estimated time of parsing documents: 0.022815 seconds
==================================================================================================================================================================
==================================================================================================================================================================
Running TMG...
Converting Results on C:\Users\hh.lpf\Dropbox\02450Toolbox_Matlab\Scripts\..\Data\textDocs.txt file in 08-Jul-2014 15:02:45...
==================================================================================================================================================================

-File textDocs.txt did not need conversion...

==================================================================================================================================================================
Filtering of input files ended at 08-Jul-2014 15:02:45...

Estimated time of parsing documents: 0.139884 seconds
==================================================================================================================================================================
==================================================================================================================================================================
Running TMG...
Converting Results on C:\Users\hh.lpf\Dropbox\02450Toolbox_Matlab\Scripts\..\Data\textDocs.txt file in 08-Jul-2014 15:03:11...
==================================================================================================================================================================

-File textDocs.txt did not need conversion...

==================================================================================================================================================================
Filtering of input files ended at 08-Jul-2014 15:03:11...

Estimated time of parsing documents: 0.030563 seconds
==================================================================================================================================================================
==================================================================================================================================================================
Running TMG...
Converting Results on C:\Users\hh.lpf\Dropbox\02450Toolbox_Matlab\Scripts\..\Data\textDocs.txt file in 08-Jul-2014 15:04:54...
==================================================================================================================================================================

-File textDocs.txt did not need conversion...

==================================================================================================================================================================
Filtering of input files ended at 08-Jul-2014 15:04:54...

Estimated time of parsing documents: 0.244278 seconds
==================================================================================================================================================================
==================================================================================================================================================================
Running TMG...
Converting Results on C:\Users\hh.lpf\Dropbox\02450Toolbox_Matlab\Scripts\..\Data\textDocs.txt file in 08-Jul-2014 15:08:42...
==================================================================================================================================================================

-File textDocs.txt did not need conversion...

==================================================================================================================================================================
Filtering of input files ended at 08-Jul-2014 15:08:42...

Estimated time of parsing documents: 0.032402 seconds
==================================================================================================================================================================
==================================================================================================================================================================
Running TMG...
Converting Results on C:\Users\hh.lpf\Dropbox\02450Toolbox_Matlab\Scripts\..\Data\textDocs.txt file in 08-Jul-2014 15:09:15...
==================================================================================================================================================================

-File textDocs.txt did not need conversion...

==================================================================================================================================================================
Filtering of input files ended at 08-Jul-2014 15:09:15...

Estimated time of parsing documents: 0.139142 seconds
==================================================================================================================================================================
==================================================================================================================================================================
Running TMG...
Converting Results on C:\Users\hh.lpf\Dropbox\02450Toolbox_Matlab\Scripts\..\Data\textDocs.txt file in 08-Jul-2014 15:10:39...
==================================================================================================================================================================

-File textDocs.txt did not need conversion...

==================================================================================================================================================================
Filtering of input files ended at 08-Jul-2014 15:10:39...

Estimated time of parsing documents: 0.172797 seconds
==================================================================================================================================================================
==================================================================================================================================================================
Running TMG...
Converting Results on C:\Users\hh.lpf\Dropbox\02450Toolbox_Matlab\Scripts\..\Data\textDocs.txt file in 08-Jul-2014 15:12:09...
==================================================================================================================================================================

-File textDocs.txt did not need conversion...

==================================================================================================================================================================
Filtering of input files ended at 08-Jul-2014 15:12:09...

Estimated time of parsing documents: 0.212321 seconds
==================================================================================================================================================================
==================================================================================================================================================================
Running TMG...
Converting Results on C:\Users\hh.lpf\Dropbox\02450Toolbox_Matlab\Scripts\..\Data\textDocs.txt file in 08-Jul-2014 15:34:45...
==================================================================================================================================================================

-File textDocs.txt did not need conversion...

==================================================================================================================================================================
Filtering of input files ended at 08-Jul-2014 15:34:47...

Estimated time of parsing documents: 1.819764 seconds
==================================================================================================================================================================
==================================================================================================================================================================
Running TMG...
Converting Results on C:\Users\hh.lpf\Dropbox\02450Toolbox_Matlab\Scripts\..\Data\textDocs.txt file in 08-Jul-2014 15:38:37...
==================================================================================================================================================================

-File textDocs.txt did not need conversion...

==================================================================================================================================================================
Filtering of input files ended at 08-Jul-2014 15:38:38...

Estimated time of parsing documents: 0.156025 seconds
==================================================================================================================================================================
==================================================================================================================================================================
Running TMG...
Converting Results on C:\Users\hh.lpf\Dropbox\02450Toolbox_Matlab\Scripts\..\Data\textDocs.txt file in 08-Jul-2014 15:40:59...
==================================================================================================================================================================

-File textDocs.txt did not need conversion...

==================================================================================================================================================================
Filtering of input files ended at 08-Jul-2014 15:40:59...

Estimated time of parsing documents: 0.144967 seconds
==================================================================================================================================================================
==================================================================================================================================================================
Running TMG...
Converting Results on ../Data/textDocs.txt file in 08-Jul-2014 15:43:43...
==================================================================================================================================================================

-File textDocs.txt did not need conversion...

==================================================================================================================================================================
Filtering of input files ended at 08-Jul-2014 15:43:43...

Estimated time of parsing documents: 0.031968 seconds
==================================================================================================================================================================
==================================================================================================================================================================
Running TMG...
Converting Results on C:\Users\hh.lpf\Dropbox\02450Toolbox_Matlab\Scripts\..\Data\textDocs.txt file in 08-Jul-2014 16:14:04...
==================================================================================================================================================================

-File textDocs.txt did not need conversion...

==================================================================================================================================================================
Filtering of input files ended at 08-Jul-2014 16:14:04...

Estimated time of parsing documents: 0.039073 seconds
==================================================================================================================================================================
==================================================================================================================================================================
Running TMG...
Converting Results on ../Data/textDocs.txt file in 08-Jul-2014 16:14:07...
==================================================================================================================================================================

-File textDocs.txt did not need conversion...

==================================================================================================================================================================
Filtering of input files ended at 08-Jul-2014 16:14:07...

Estimated time of parsing documents: 0.022025 seconds
==================================================================================================================================================================
==================================================================================================================================================================
Running TMG...
Converting Results on C:\Users\hh.lpf\Dropbox\02450Toolbox_Matlab\Scripts\..\Data\textDocs.txt file in 08-Jul-2014 16:16:50...
==================================================================================================================================================================

-File textDocs.txt did not need conversion...

==================================================================================================================================================================
Filtering of input files ended at 08-Jul-2014 16:16:50...

Estimated time of parsing documents: 0.023819 seconds
==================================================================================================================================================================
==================================================================================================================================================================
Running TMG...
Converting Results on C:\Users\hh.lpf\Dropbox\02450Toolbox_Matlab\Scripts\..\Data\textDocs.txt file in 08-Jul-2014 16:17:55...
==================================================================================================================================================================

-File textDocs.txt did not need conversion...

==================================================================================================================================================================
Filtering of input files ended at 08-Jul-2014 16:17:55...

Estimated time of parsing documents: 0.032296 seconds
==================================================================================================================================================================
==================================================================================================================================================================
Running TMG...
Converting Results on C:\Users\hh.lpf\Dropbox\02450Toolbox_Matlab\Scripts\..\Data\textDocs.txt file in 08-Jul-2014 16:17:56...
==================================================================================================================================================================

-File textDocs.txt did not need conversion...

==================================================================================================================================================================
Filtering of input files ended at 08-Jul-2014 16:17:56...

Estimated time of parsing documents: 0.018687 seconds
==================================================================================================================================================================
==================================================================================================================================================================
Running TMG...
Converting Results on C:\Users\hh.lpf\Dropbox\02450Toolbox_Matlab\Scripts\..\Data\textDocs.txt file in 08-Jul-2014 16:17:56...
==================================================================================================================================================================

-File textDocs.txt did not need conversion...

==================================================================================================================================================================
Filtering of input files ended at 08-Jul-2014 16:17:56...

Estimated time of parsing documents: 0.016600 seconds
==================================================================================================================================================================
==================================================================================================================================================================
Running TMG...
Converting Results on C:\Users\hh.lpf\Dropbox\02450Toolbox_Matlab\Scripts\..\Data\textDocs.txt file in 08-Jul-2014 16:21:48...
==================================================================================================================================================================

-File textDocs.txt did not need conversion...

==================================================================================================================================================================
Filtering of input files ended at 08-Jul-2014 16:21:48...

Estimated time of parsing documents: 0.042520 seconds
==================================================================================================================================================================
==================================================================================================================================================================
Running TMG...
Converting Results on C:\Users\hh.lpf\Dropbox\02450Toolbox_Matlab\Scripts\..\Data\textDocs.txt file in 08-Jul-2014 16:21:49...
==================================================================================================================================================================

-File textDocs.txt did not need conversion...

==================================================================================================================================================================
Filtering of input files ended at 08-Jul-2014 16:21:49...

Estimated time of parsing documents: 0.018114 seconds
==================================================================================================================================================================
==================================================================================================================================================================
Running TMG...
Converting Results on C:\Users\hh.lpf\Dropbox\02450Toolbox_Matlab\Scripts\..\Data\textDocs.txt file in 08-Jul-2014 16:21:49...
==================================================================================================================================================================

-File textDocs.txt did not need conversion...

==================================================================================================================================================================
Filtering of input files ended at 08-Jul-2014 16:21:49...

Estimated time of parsing documents: 0.016763 seconds
==================================================================================================================================================================
==================================================================================================================================================================
Running TMG...
Converting Results on C:\Users\hh.lpf\Dropbox\02450Toolbox_Matlab\Scripts\..\Data\textDocs.txt file in 08-Jul-2014 16:24:48...
==================================================================================================================================================================

-File textDocs.txt did not need conversion...

==================================================================================================================================================================
Filtering of input files ended at 08-Jul-2014 16:24:48...

Estimated time of parsing documents: 0.087827 seconds
==================================================================================================================================================================
==================================================================================================================================================================
Running TMG...
Converting Results on C:\Users\hh.lpf\Dropbox\02450Toolbox_Matlab\Scripts\..\Data\textDocs.txt file in 08-Jul-2014 16:24:48...
==================================================================================================================================================================

-File textDocs.txt did not need conversion...

==================================================================================================================================================================
Filtering of input files ended at 08-Jul-2014 16:24:48...

Estimated time of parsing documents: 0.038207 seconds
==================================================================================================================================================================
==================================================================================================================================================================
Running TMG...
Converting Results on C:\Users\hh.lpf\Dropbox\02450Toolbox_Matlab\Scripts\..\Data\textDocs.txt file in 08-Jul-2014 16:24:48...
==================================================================================================================================================================

-File textDocs.txt did not need conversion...

==================================================================================================================================================================
Filtering of input files ended at 08-Jul-2014 16:24:48...

Estimated time of parsing documents: 0.016217 seconds
==================================================================================================================================================================
==================================================================================================================================================================
Running TMG...
Converting Results on C:\Users\hh.lpf\Dropbox\02450Toolbox_Matlab\Scripts\..\Data\textDocs.txt file in 09-Jul-2014 15:22:57...
==================================================================================================================================================================

-File textDocs.txt did not need conversion...

==================================================================================================================================================================
Filtering of input files ended at 09-Jul-2014 15:22:57...

Estimated time of parsing documents: 0.046270 seconds
==================================================================================================================================================================
==================================================================================================================================================================
Running TMG...
Converting Results on C:\Users\hh.lpf\Dropbox\02450Toolbox_Matlab\Scripts\..\Data\textDocs.txt file in 09-Jul-2014 15:22:58...
==================================================================================================================================================================

-File textDocs.txt did not need conversion...

==================================================================================================================================================================
Filtering of input files ended at 09-Jul-2014 15:22:58...

Estimated time of parsing documents: 0.021281 seconds
==================================================================================================================================================================
==================================================================================================================================================================
Running TMG...
Converting Results on C:\Users\hh.lpf\Dropbox\02450Toolbox_Matlab\Scripts\..\Data\textDocs.txt file in 09-Jul-2014 15:22:59...
==================================================================================================================================================================

-File textDocs.txt did not need conversion...

==================================================================================================================================================================
Filtering of input files ended at 09-Jul-2014 15:22:59...

Estimated time of parsing documents: 0.017959 seconds
==================================================================================================================================================================
==================================================================================================================================================================
Running TMG...
Converting Results on C:\Users\hh.lpf\Dropbox\02450Toolbox_Matlab\Scripts\..\Data\textDocs.txt file in 10-Jul-2014 13:46:20...
==================================================================================================================================================================

-File textDocs.txt did not need conversion...

==================================================================================================================================================================
Filtering of input files ended at 10-Jul-2014 13:46:20...

Estimated time of parsing documents: 0.040584 seconds
==================================================================================================================================================================
==================================================================================================================================================================
Running TMG...
Converting Results on C:\Users\hh.lpf\Dropbox\02450Toolbox_Matlab\Scripts\..\Data\textDocs.txt file in 10-Jul-2014 13:46:21...
==================================================================================================================================================================

-File textDocs.txt did not need conversion...

==================================================================================================================================================================
Filtering of input files ended at 10-Jul-2014 13:46:21...

Estimated time of parsing documents: 0.017881 seconds
==================================================================================================================================================================
==================================================================================================================================================================
Running TMG...
Converting Results on C:\Users\hh.lpf\Dropbox\02450Toolbox_Matlab\Scripts\..\Data\textDocs.txt file in 10-Jul-2014 13:46:21...
==================================================================================================================================================================

-File textDocs.txt did not need conversion...

==================================================================================================================================================================
Filtering of input files ended at 10-Jul-2014 13:46:21...

Estimated time of parsing documents: 0.016718 seconds
==================================================================================================================================================================
==================================================================================================================================================================
Running TMG...
Converting Results on C:\Users\hh.lpf\Dropbox\02450Toolbox_Matlab\Scripts\..\Data\textDocs.txt file in 10-Jul-2014 13:51:34...
==================================================================================================================================================================

-File textDocs.txt did not need conversion...

==================================================================================================================================================================
Filtering of input files ended at 10-Jul-2014 13:51:34...

Estimated time of parsing documents: 0.062735 seconds
==================================================================================================================================================================
==================================================================================================================================================================
Running TMG...
Converting Results on C:\Users\hh.lpf\Dropbox\02450Toolbox_Matlab\Scripts\..\Data\textDocs.txt file in 10-Jul-2014 13:51:34...
==================================================================================================================================================================

-File textDocs.txt did not need conversion...

==================================================================================================================================================================
Filtering of input files ended at 10-Jul-2014 13:51:34...

Estimated time of parsing documents: 0.020757 seconds
==================================================================================================================================================================
==================================================================================================================================================================
Running TMG...
Converting Results on C:\Users\hh.lpf\Dropbox\02450Toolbox_Matlab\Scripts\..\Data\textDocs.txt file in 10-Jul-2014 13:51:35...
==================================================================================================================================================================

-File textDocs.txt did not need conversion...

==================================================================================================================================================================
Filtering of input files ended at 10-Jul-2014 13:51:35...

Estimated time of parsing documents: 0.076451 seconds
==================================================================================================================================================================
==================================================================================================================================================================
Running TMG...
Converting Results on C:\Users\hh.lpf\Dropbox\02450Toolbox_Matlab\Scripts\..\Data\textDocs.txt file in 10-Jul-2014 14:28:48...
==================================================================================================================================================================

-File textDocs.txt did not need conversion...

==================================================================================================================================================================
Filtering of input files ended at 10-Jul-2014 14:28:48...

Estimated time of parsing documents: 0.074439 seconds
==================================================================================================================================================================
==================================================================================================================================================================
Running TMG...
Converting Results on C:\Users\hh.lpf\Dropbox\02450Toolbox_Matlab\Scripts\..\Data\textDocs.txt file in 10-Jul-2014 14:28:49...
==================================================================================================================================================================

-File textDocs.txt did not need conversion...

==================================================================================================================================================================
Filtering of input files ended at 10-Jul-2014 14:28:49...

Estimated time of parsing documents: 0.035035 seconds
==================================================================================================================================================================
==================================================================================================================================================================
Running TMG...
Converting Results on C:\Users\hh.lpf\Dropbox\02450Toolbox_Matlab\Scripts\..\Data\textDocs.txt file in 10-Jul-2014 14:28:50...
==================================================================================================================================================================

-File textDocs.txt did not need conversion...

==================================================================================================================================================================
Filtering of input files ended at 10-Jul-2014 14:28:50...

Estimated time of parsing documents: 0.036302 seconds
==================================================================================================================================================================
==================================================================================================================================================================
Running TMG...
Converting Results on C:\Users\hh.lpf\Dropbox\02450Toolbox_Matlab\Scripts\..\Data\textDocs.txt file in 10-Jul-2014 14:31:29...
==================================================================================================================================================================

-File textDocs.txt did not need conversion...

==================================================================================================================================================================
Filtering of input files ended at 10-Jul-2014 14:31:29...

Estimated time of parsing documents: 0.071513 seconds
==================================================================================================================================================================
==================================================================================================================================================================
Running TMG...
Converting Results on C:\Users\hh.lpf\Dropbox\02450Toolbox_Matlab\Scripts\..\Data\textDocs.txt file in 10-Jul-2014 14:31:30...
==================================================================================================================================================================

-File textDocs.txt did not need conversion...

==================================================================================================================================================================
Filtering of input files ended at 10-Jul-2014 14:31:30...

Estimated time of parsing documents: 0.050343 seconds
==================================================================================================================================================================
==================================================================================================================================================================
Running TMG...
Converting Results on C:\Users\hh.lpf\Dropbox\02450Toolbox_Matlab\Scripts\..\Data\textDocs.txt file in 10-Jul-2014 14:31:31...
==================================================================================================================================================================

-File textDocs.txt did not need conversion...

==================================================================================================================================================================
Filtering of input files ended at 10-Jul-2014 14:31:31...

Estimated time of parsing documents: 0.031765 seconds
==================================================================================================================================================================
==================================================================================================================================================================
Running TMG...
Converting Results on C:\Users\hh.lpf\Dropbox\02450Toolbox_Matlab\Scripts\..\Data\textDocs.txt file in 10-Jul-2014 14:50:19...
==================================================================================================================================================================

-File textDocs.txt did not need conversion...

==================================================================================================================================================================
Filtering of input files ended at 10-Jul-2014 14:50:19...

Estimated time of parsing documents: 0.028983 seconds
==================================================================================================================================================================
==================================================================================================================================================================
Running TMG...
Converting Results on C:\Users\hh.lpf\Dropbox\02450Toolbox_Matlab\Scripts\..\Data\textDocs.txt file in 10-Jul-2014 14:50:19...
==================================================================================================================================================================

-File textDocs.txt did not need conversion...

==================================================================================================================================================================
Filtering of input files ended at 10-Jul-2014 14:50:19...

Estimated time of parsing documents: 0.015132 seconds
==================================================================================================================================================================
==================================================================================================================================================================
Running TMG...
Converting Results on C:\Users\hh.lpf\Dropbox\02450Toolbox_Matlab\Scripts\..\Data\textDocs.txt file in 10-Jul-2014 14:50:20...
==================================================================================================================================================================

-File textDocs.txt did not need conversion...

==================================================================================================================================================================
Filtering of input files ended at 10-Jul-2014 14:50:20...

Estimated time of parsing documents: 0.014854 seconds
==================================================================================================================================================================
==================================================================================================================================================================
Running TMG...
Converting Results on C:\Users\hh.lpf\Dropbox\02450Toolbox_Matlab\Scripts\..\Data\textDocs.txt file in 10-Jul-2014 15:54:10...
==================================================================================================================================================================

-File textDocs.txt did not need conversion...

==================================================================================================================================================================
Filtering of input files ended at 10-Jul-2014 15:54:10...

Estimated time of parsing documents: 0.094097 seconds
==================================================================================================================================================================
==================================================================================================================================================================
Running TMG...
Converting Results on C:\Users\hh.lpf\Dropbox\02450Toolbox_Matlab\Scripts\..\Data\textDocs.txt file in 10-Jul-2014 15:54:14...
==================================================================================================================================================================

-File textDocs.txt did not need conversion...

==================================================================================================================================================================
Filtering of input files ended at 10-Jul-2014 15:54:14...

Estimated time of parsing documents: 0.462504 seconds
==================================================================================================================================================================
==================================================================================================================================================================
Running TMG...
Converting Results on C:\Users\hh.lpf\Dropbox\02450Toolbox_Matlab\Scripts\..\Data\textDocs.txt file in 10-Jul-2014 15:54:14...
==================================================================================================================================================================

-File textDocs.txt did not need conversion...

==================================================================================================================================================================
Filtering of input files ended at 10-Jul-2014 15:54:14...

Estimated time of parsing documents: 0.045554 seconds
==================================================================================================================================================================
==================================================================================================================================================================
Running TMG...
Converting Results on C:\Users\hh.lpf\Dropbox\Exercises\02450Toolbox_Matlab\Scripts\..\Data\textDocs.txt file in 20-Jul-2014 10:06:18...
==================================================================================================================================================================

-File textDocs.txt did not need conversion...

==================================================================================================================================================================
Filtering of input files ended at 20-Jul-2014 10:06:18...

Estimated time of parsing documents: 0.047971 seconds
==================================================================================================================================================================
==================================================================================================================================================================
Running TMG...
Converting Results on C:\Users\hh.lpf\Dropbox\Exercises\02450Toolbox_Matlab\Scripts\..\Data\textDocs.txt file in 20-Jul-2014 10:06:23...
==================================================================================================================================================================

-File textDocs.txt did not need conversion...

==================================================================================================================================================================
Filtering of input files ended at 20-Jul-2014 10:06:23...

Estimated time of parsing documents: 0.078123 seconds
==================================================================================================================================================================
==================================================================================================================================================================
Running TMG...
Converting Results on C:\Users\hh.lpf\Dropbox\Exercises\02450Toolbox_Matlab\Scripts\..\Data\textDocs.txt file in 20-Jul-2014 10:06:24...
==================================================================================================================================================================

-File textDocs.txt did not need conversion...

==================================================================================================================================================================
Filtering of input files ended at 20-Jul-2014 10:06:24...

Estimated time of parsing documents: 0.020263 seconds
==================================================================================================================================================================
==================================================================================================================================================================
Running TMG...
Converting Results on C:\Users\hh.lpf\Dropbox\Exercises\02450Toolbox_Matlab\Scripts\..\Data\textDocs.txt file in 20-Jul-2014 11:36:46...
==================================================================================================================================================================

-File textDocs.txt did not need conversion...

==================================================================================================================================================================
Filtering of input files ended at 20-Jul-2014 11:36:46...

Estimated time of parsing documents: 0.046170 seconds
==================================================================================================================================================================
==================================================================================================================================================================
Running TMG...
Converting Results on C:\Users\hh.lpf\Dropbox\Exercises\02450Toolbox_Matlab\Scripts\..\Data\textDocs.txt file in 20-Jul-2014 11:36:46...
==================================================================================================================================================================

-File textDocs.txt did not need conversion...

==================================================================================================================================================================
Filtering of input files ended at 20-Jul-2014 11:36:46...

Estimated time of parsing documents: 0.020913 seconds
==================================================================================================================================================================
==================================================================================================================================================================
Running TMG...
Converting Results on C:\Users\hh.lpf\Dropbox\Exercises\02450Toolbox_Matlab\Scripts\..\Data\textDocs.txt file in 20-Jul-2014 11:36:47...
==================================================================================================================================================================

-File textDocs.txt did not need conversion...

==================================================================================================================================================================
Filtering of input files ended at 20-Jul-2014 11:36:47...

Estimated time of parsing documents: 0.021539 seconds
==================================================================================================================================================================
==================================================================================================================================================================
Running TMG...
Converting Results on C:\Users\hh.lpf\Dropbox\Exercises\02450Toolbox_Matlab\Scripts\..\Data\textDocs.txt file in 20-Jul-2014 12:59:26...
==================================================================================================================================================================

-File textDocs.txt did not need conversion...

==================================================================================================================================================================
Filtering of input files ended at 20-Jul-2014 12:59:26...

Estimated time of parsing documents: 0.054741 seconds
==================================================================================================================================================================
==================================================================================================================================================================
Running TMG...
Converting Results on C:\Users\hh.lpf\Dropbox\Exercises\02450Toolbox_Matlab\Scripts\..\Data\textDocs.txt file in 20-Jul-2014 12:59:28...
==================================================================================================================================================================

-File textDocs.txt did not need conversion...

==================================================================================================================================================================
Filtering of input files ended at 20-Jul-2014 12:59:28...

Estimated time of parsing documents: 0.027630 seconds
==================================================================================================================================================================
==================================================================================================================================================================
Running TMG...
Converting Results on C:\Users\hh.lpf\Dropbox\Exercises\02450Toolbox_Matlab\Scripts\..\Data\textDocs.txt file in 20-Jul-2014 12:59:28...
==================================================================================================================================================================

-File textDocs.txt did not need conversion...

==================================================================================================================================================================
Filtering of input files ended at 20-Jul-2014 12:59:28...

Estimated time of parsing documents: 0.023916 seconds
==================================================================================================================================================================
==================================================================================================================================================================
Running TMG...
Converting Results on C:\Users\hh.lpf\Dropbox\Exercises\02450Toolbox_Matlab\Scripts\..\Data\textDocs.txt file in 20-Jul-2014 13:03:27...
==================================================================================================================================================================

-File textDocs.txt did not need conversion...

==================================================================================================================================================================
Filtering of input files ended at 20-Jul-2014 13:03:27...

Estimated time of parsing documents: 0.033822 seconds
==================================================================================================================================================================
==================================================================================================================================================================
Running TMG...
Converting Results on C:\Users\hh.lpf\Dropbox\Exercises\02450Toolbox_Matlab\Scripts\..\Data\textDocs.txt file in 20-Jul-2014 13:03:28...
==================================================================================================================================================================

-File textDocs.txt did not need conversion...

==================================================================================================================================================================
Filtering of input files ended at 20-Jul-2014 13:03:28...

Estimated time of parsing documents: 0.023792 seconds
==================================================================================================================================================================
==================================================================================================================================================================
Running TMG...
Converting Results on C:\Users\hh.lpf\Dropbox\Exercises\02450Toolbox_Matlab\Scripts\..\Data\textDocs.txt file in 20-Jul-2014 13:03:28...
==================================================================================================================================================================

-File textDocs.txt did not need conversion...

==================================================================================================================================================================
Filtering of input files ended at 20-Jul-2014 13:03:28...

Estimated time of parsing documents: 0.017336 seconds
==================================================================================================================================================================
==================================================================================================================================================================
Running TMG...
Converting Results on C:\Users\hh.lpf\Dropbox\Exercises\02450Toolbox_Matlab\Scripts\..\Data\textDocs.txt file in 21-Jul-2014 12:06:18...
==================================================================================================================================================================

-File textDocs.txt did not need conversion...

==================================================================================================================================================================
Filtering of input files ended at 21-Jul-2014 12:06:18...

Estimated time of parsing documents: 0.123437 seconds
==================================================================================================================================================================
==================================================================================================================================================================
Running TMG...
Converting Results on C:\Users\hh.lpf\Dropbox\Exercises\02450Toolbox_Matlab\Scripts\..\Data\textDocs.txt file in 21-Jul-2014 12:06:20...
==================================================================================================================================================================

-File textDocs.txt did not need conversion...

==================================================================================================================================================================
Filtering of input files ended at 21-Jul-2014 12:06:20...

Estimated time of parsing documents: 0.041372 seconds
==================================================================================================================================================================
==================================================================================================================================================================
Running TMG...
Converting Results on C:\Users\hh.lpf\Dropbox\Exercises\02450Toolbox_Matlab\Scripts\..\Data\textDocs.txt file in 21-Jul-2014 12:06:21...
==================================================================================================================================================================

-File textDocs.txt did not need conversion...

==================================================================================================================================================================
Filtering of input files ended at 21-Jul-2014 12:06:21...

Estimated time of parsing documents: 0.127175 seconds
==================================================================================================================================================================
==================================================================================================================================================================
Running TMG...
Converting Results on C:\Users\hh.lpf\Dropbox\Exercises\02450Toolbox_Matlab\Scripts\..\Data\textDocs.txt file in 21-Jul-2014 12:51:50...
==================================================================================================================================================================

-File textDocs.txt did not need conversion...

==================================================================================================================================================================
Filtering of input files ended at 21-Jul-2014 12:51:50...

Estimated time of parsing documents: 0.365642 seconds
==================================================================================================================================================================
==================================================================================================================================================================
Running TMG...
Converting Results on C:\Users\hh.lpf\Dropbox\Exercises\02450Toolbox_Matlab\Scripts\..\Data\textDocs.txt file in 21-Jul-2014 12:51:52...
==================================================================================================================================================================

-File textDocs.txt did not need conversion...

==================================================================================================================================================================
Filtering of input files ended at 21-Jul-2014 12:51:52...

Estimated time of parsing documents: 0.084949 seconds
==================================================================================================================================================================
==================================================================================================================================================================
Running TMG...
Converting Results on C:\Users\hh.lpf\Dropbox\Exercises\02450Toolbox_Matlab\Scripts\..\Data\textDocs.txt file in 21-Jul-2014 12:51:52...
==================================================================================================================================================================

-File textDocs.txt did not need conversion...

==================================================================================================================================================================
Filtering of input files ended at 21-Jul-2014 12:51:52...

Estimated time of parsing documents: 0.026637 seconds
==================================================================================================================================================================
==================================================================================================================================================================
Running TMG...
Converting Results on C:\Users\hh.lpf\Dropbox\Exercises\02450Toolbox_Matlab\Scripts\..\Data\textDocs.txt file in 21-Jul-2014 13:26:16...
==================================================================================================================================================================

-File textDocs.txt did not need conversion...

==================================================================================================================================================================
Filtering of input files ended at 21-Jul-2014 13:26:16...

Estimated time of parsing documents: 0.075052 seconds
==================================================================================================================================================================
==================================================================================================================================================================
Running TMG...
Converting Results on C:\Users\hh.lpf\Dropbox\Exercises\02450Toolbox_Matlab\Scripts\..\Data\textDocs.txt file in 21-Jul-2014 13:26:17...
==================================================================================================================================================================

-File textDocs.txt did not need conversion...

==================================================================================================================================================================
Filtering of input files ended at 21-Jul-2014 13:26:17...

Estimated time of parsing documents: 0.026991 seconds
==================================================================================================================================================================
==================================================================================================================================================================
Running TMG...
Converting Results on C:\Users\hh.lpf\Dropbox\Exercises\02450Toolbox_Matlab\Scripts\..\Data\textDocs.txt file in 21-Jul-2014 13:26:17...
==================================================================================================================================================================

-File textDocs.txt did not need conversion...

==================================================================================================================================================================
Filtering of input files ended at 21-Jul-2014 13:26:17...

Estimated time of parsing documents: 0.016120 seconds
==================================================================================================================================================================
==================================================================================================================================================================
Running TMG...
Converting Results on C:\Users\hh.lpf\Dropbox\Exercises\02450Toolbox_Matlab\Scripts\..\Data\textDocs.txt file in 21-Jul-2014 14:09:46...
==================================================================================================================================================================

-File textDocs.txt did not need conversion...

==================================================================================================================================================================
Filtering of input files ended at 21-Jul-2014 14:09:46...

Estimated time of parsing documents: 0.137061 seconds
==================================================================================================================================================================
==================================================================================================================================================================
Running TMG...
Converting Results on C:\Users\hh.lpf\Dropbox\Exercises\02450Toolbox_Matlab\Scripts\..\Data\textDocs.txt file in 21-Jul-2014 14:09:47...
==================================================================================================================================================================

-File textDocs.txt did not need conversion...

==================================================================================================================================================================
Filtering of input files ended at 21-Jul-2014 14:09:47...

Estimated time of parsing documents: 0.025804 seconds
==================================================================================================================================================================
==================================================================================================================================================================
Running TMG...
Converting Results on C:\Users\hh.lpf\Dropbox\Exercises\02450Toolbox_Matlab\Scripts\..\Data\textDocs.txt file in 21-Jul-2014 14:09:47...
==================================================================================================================================================================

-File textDocs.txt did not need conversion...

==================================================================================================================================================================
Filtering of input files ended at 21-Jul-2014 14:09:47...

Estimated time of parsing documents: 0.022398 seconds
==================================================================================================================================================================
==================================================================================================================================================================
Running TMG...
Converting Results on /Users/ghash/Programowanie/matlab/Data/textDocs.txt file in 09-Sep-2014 16:19:50...
==================================================================================================================================================================

-File textDocs.txt did not need conversion...

==================================================================================================================================================================
Filtering of input files ended at 09-Sep-2014 16:19:50...

Estimated time of parsing documents: 0.070448 seconds
==================================================================================================================================================================
==================================================================================================================================================================
Running TMG...
Converting Results on /Users/ghash/Programowanie/matlab/Data/textDocs.txt file in 09-Sep-2014 16:31:50...
==================================================================================================================================================================

-File textDocs.txt did not need conversion...

==================================================================================================================================================================
Filtering of input files ended at 09-Sep-2014 16:31:50...

Estimated time of parsing documents: 0.005618 seconds
==================================================================================================================================================================
==================================================================================================================================================================
Running TMG...
Converting Results on /Users/ghash/Programowanie/matlab/Introduction-To-Machine-Learning-And-Data-Mining/Data/textDocs.txt file in 15-Sep-2014 20:51:40...
==================================================================================================================================================================

-File textDocs.txt did not need conversion...

==================================================================================================================================================================
Filtering of input files ended at 15-Sep-2014 20:51:40...

Estimated time of parsing documents: 0.066553 seconds
==================================================================================================================================================================
